1650655131646	geckodriver	INFO	Listening on 127.0.0.1:51369
1650655134705	mozrunner::runner	INFO	Running command: "C:\\Program Files\\Mozilla Firefox\\firefox.exe" "--marionette" "--remote-debugging-port" "51370" "--remote-allow-hosts" "localhost" "-no-remote" "-profile" "C:\\Users\\Anwender\\AppData\\Local\\Temp\\rust_mozprofileebZgii"
1650655134951	Marionette	INFO	Marionette enabled
console.warn: SearchSettings: "get: No settings file exists, new profile?" (new NotFoundError("Could not open the file at C:\\Users\\Anwender\\AppData\\Local\\Temp\\rust_mozprofileebZgii\\search.json.mozlz4", (void 0)))
DevTools listening on ws://localhost:51370/devtools/browser/13a0c8b4-8a90-4f9e-be62-307c9db10cfa
1650655136415	Marionette	INFO	Listening on port 51391
Read port: 51391
1650655136499	RemoteAgent	WARN	TLS certificate errors will be ignored for this session
console.warn: LoginRecipes: "getRecipes: falling back to a synchronous message for:" "https://s2dfree.de"
JavaScript error: https://s2dfree.de/static/style/home/js/gmaps.js, line 22: uncaught exception: Google Maps API is required. Please register the following JavaScript library http://maps.google.com/maps/api/js?sensor=true.
JavaScript error: https://s2dfree.de/static/style/home/js/main.js, line 29: ReferenceError: GMaps is not defined
1650655792090	Marionette	INFO	Stopped listening on port 51391
console.warn: TopSitesFeed: Failed to fetch data from Contile server: NetworkError when attempting to fetch resource.
remote-debugging-port" "55819" "--remote-allow-hosts" "localhost" "-no-remote" "-profile" "C:\\Users\\Anwender\\AppData\\Local\\Temp\\rust_mozprofiledRxmVN"
1650655508942	Marionette	INFO	Marionette enabled
console.warn: SearchSettings: "get: No settings file exists, new profile?" (new NotFoundError("Could not open the file at C:\\Users\\Anwender\\AppData\\Local\\Temp\\rust_mozprofiledRxmVN\\search.json.mozlz4", (void 0)))
DevTools listening on ws://localhost:55819/devtools/browser/4990c93c-af22-43a9-b340-c87b463338c1
1650655510515	Marionette	INFO	Listening on port 55840
Read port: 55840
1650655510621	RemoteAgent	WARN	TLS certificate errors will be ignored for this session
console.warn: LoginRecipes: "getRecipes: falling back to a synchronous message for:" "https://s2dfree.de"
JavaScript error: https://s2dfree.de/static/style/home/js/gmaps.js, line 22: uncaught exception: Google Maps API is required. Please register the following JavaScript library http://maps.google.com/maps/api/js?sensor=true.
JavaScript error: https://s2dfree.de/static/style/home/js/main.js, line 29: ReferenceError: GMaps is not defined
1650655569042	Marionette	INFO	Stopped listening on port 55840
console.warn: TopSitesFeed: Failed to fetch data from Contile server: NetworkError when attempting to fetch resource.
1650655578387	geckodriver	INFO	Listening on 127.0.0.1:55882
1650655581417	mozrunner::runner	INFO	Running command: "C:\\Program Files\\Mozilla Firefox\\firefox.exe" "--marionette" "--remote-debugging-port" "55883" "--remote-allow-hosts" "localhost" "-no-remote" "-profile" "C:\\Users\\Anwender\\AppData\\Local\\Temp\\rust_mozprofileRBgd3n"
1650655581639	Marionette	INFO	Marionette enabled
console.warn: SearchSettings: "get: No settings file exists, new profile?" (new NotFoundError("Could not open the file at C:\\Users\\Anwender\\AppData\\Local\\Temp\\rust_mozprofileRBgd3n\\search.json.mozlz4", (void 0)))
DevTools listening on ws://localhost:55883/devtools/browser/4564ffca-6af4-4188-af4f-da29e0faa08c
1650655583067	Marionette	INFO	Listening on port 55904
Read port: 55904
1650655583107	RemoteAgent	WARN	TLS certificate errors will be ignored for this session
console.warn: LoginRecipes: "getRecipes: falling back to a synchronous message for:" "https://s2dfree.de"
JavaScript error: https://s2dfree.de/static/style/home/js/gmaps.js, line 22: uncaught exception: Google Maps API is required. Please register the following JavaScript library http://maps.google.com/maps/api/js?sensor=true.
JavaScript error: https://s2dfree.de/static/style/home/js/main.js, line 29: ReferenceError: GMaps is not defined
JavaScript error: resource://gre/modules/AsyncShutdown.jsm, 1650655680297	mozrunner::runner	INFO	Running command: "C:\\Program Files\\Mozilla Firefox\\firefox.exe" "--marionette" "--remote-debugging-port" "55948" "--remote-allow-hosts" "localhost" "-no-remote" "-profile" "C:\\Users\\Anwender\\AppData\\Local\\Temp\\rust_mozprofileBWjchK"
1650655680527	Marionette	INFO	Marionette enabled
console.warn: SearchSettings: "get: No settings file exists, new profile?" (new NotFoundError("Could not open the file at C:\\Users\\Anwender\\AppData\\Local\\Temp\\rust_mozprofileBWjchK\\search.json.mozlz4", (void 0)))
DevTools listening on ws://localhost:55948/devtools/browser/510799f1-1e76-47de-83ce-29ffda12c7b3
1650655681942	Marionette	INFO	Listening on port 55969
Read port: 55969
1650655681996	RemoteAgent	WARN	TLS certificate errors will be ignored for this session
console.warn: LoginRecipes: "getRecipes: falling back to a synchronous message for:" "https://s2dfree.de"
JavaScript error: https://s2dfree.de/static/style/home/js/gmaps.js, line 22: uncaught exception: Google Maps API is required. Please register the following JavaScript library http://maps.google.com/maps/api/js?sensor=true.
JavaScript error: https://s2dfree.de/static/style/home/js/main.js, line 29: ReferenceError: GMaps is not defined
JavaScript error: https://s2dfree.de/static/style/home/js/gmaps.js, line 22: uncaught exception: Google Maps API is required. Please register the following JavaScript library http://maps.google.com/maps/api/js?sensor=true.
JavaScript error: https://s2dfree.de/static/style/home/js/main.js, line 29: ReferenceError: GMaps is not defined
1650655793605	Marionette	INFO	Stopped listening on port 55969
console.warn: TopSitesFeed: Failed to fetch data from Contile server: NetworkError when attempting to fetch resource.
remote-debugging-port" "56018" "--remote-allow-hosts" "localhost" "-no-remote" "-profile" "C:\\Users\\Anwender\\AppData\\Local\\Temp\\rust_mozprofileaoQ5QB"
1650655757647	Marionette	INFO	Marionette enabled
console.warn: SearchSettings: "get: No settings file exists, new profile?" (new NotFoundError("Could not open the file at C:\\Users\\Anwender\\AppData\\Local\\Temp\\rust_mozprofileaoQ5QB\\search.json.mozlz4", (void 0)))
DevTools listening on ws://localhost:56018/devtools/browser/ba12c70f-c5f3-4419-a9f2-f072565a77da
1650655759191	Marionette	INFO	Listening on port 56039
Read port: 56039
1650655759226	RemoteAgent	WARN	TLS certificate errors will be ignored for this session
console.warn: LoginRecipes: "getRecipes: falling back to a synchronous message for:" "https://s2dfree.de"
JavaScript error: https://s2dfree.de/static/style/home/js/gmaps.js, line 22: uncaught exception: Google Maps API is required. Please register the following JavaScript library http://maps.google.com/maps/api/js?sensor=true.
JavaScript error: https://s2dfree.de/static/style/home/js/main.js, line 29: ReferenceError: GMaps is not defined
1650655770933	Marionette	INFO	Stopped listening on port 56039
1650656686063	geckodriver	INFO	Listening on 127.0.0.1:59877
1650656689095	mozrunner::runner	INFO	Running command: "C:\\Program Files\\Mozilla Firefox\\firefox.exe" "--marionette" "--remote-debugging-port" "59878" "--remote-allow-hosts" "localhost" "-no-remote" "-profile" "C:\\Users\\Anwender\\AppData\\Local\\Temp\\rust_mozprofileAxOnci"
1650656689325	Marionette	INFO	Marionette enabled
console.warn: SearchSettings: "get: No settings file exists, new profile?" (new NotFoundError("Could not open the file at C:\\Users\\Anwender\\AppData\\Local\\Temp\\rust_mozprofileAxOnci\\search.json.mozlz4", (void 0)))
DevTools listening on ws://localhost:59878/devtools/browser/db93a602-4977-455b-9048-6a0b9ec085a7
1650656690782	Marionette	INFO	Listening on port 59899
Read port: 59899
1650656690893	RemoteAgent	WARN	TLS certificate errors will be ignored for this session
console.warn: LoginRecipes: "getRecipes: falling back to a synchronous message for:" "https://s2dfree.de"
JavaScript error: https://s2dfree.de/static/style/home/js/gmaps.js, line 22: uncaught exception: Google Maps API is required. Please register the following JavaScript library http://maps.google.com/maps/api/js?sensor=true.
JavaScript error: https://s2dfree.de/static/style/home/js/main.js, line 29: ReferenceError: GMaps is not defined
JavaScript error: , line 0: NS_ERROR_NOT_AVAILABLE
1650658091057	Marionette	INFO	Stopped listening on port 59899
console.warn: TopSitesFeed: Failed to fetch data from Contile server: NetworkError when attempting to fetch resource.
" "localhost" "-no-remote" "-profile" "C:\\Users\\Anwender\\AppData\\Local\\Temp\\rust_mozprofilezWViPi"
1650656705768	Marionette	INFO	Marionette enabled
console.warn: SearchSettings: "get: No settings file exists, new profile?" (new NotFoundError("Could not open the file at C:\\Users\\Anwender\\AppData\\Local\\Temp\\rust_mozprofilezWViPi\\search.json.mozlz4", (void 0)))
DevTools listening on ws://localhost:59931/devtools/browser/8967c9ba-29d9-4ec4-9287-175a9cedfec4
1650656707263	Marionette	INFO	Listening on port 59953
Read port: 59953
1650656707333	RemoteAgent	WARN	TLS certificate errors will be ignored for this session
console.warn: LoginRecipes: "getRecipes: falling back to a synchronous message for:" "https://s2dfree.de"
JavaScript error: https://s2dfree.de/static/style/home/js/gmaps.js, line 22: uncaught exception: Google Maps API is required. Please register the following JavaScript library http://maps.google.com/maps/api/js?sensor=true.
JavaScript error: https://s2dfree.de/static/style/home/js/main.js, line 29: ReferenceError: GMaps is not defined
1650656722676	Marionette	INFO	Stopped listening on port 59953
console.warn: TopSitesFeed: Failed to fetch data from Contile server: NetworkError when attempting to fetch resource.
1650657378500	geckodriver	INFO	Listening on 127.0.0.1:60873
1650657381542	mozrunner::runner	INFO	Running command: "C:\\Program Files\\Mozilla Firefox\\firefox.exe" "--marionette" "--remote-debugging-port" "60874" "--remote-allow-hosts" "localhost" "-no-remote" "-profile" "C:\\Users\\Anwender\\AppData\\Local\\Temp\\rust_mozprofile6QpNak"
1650657381798	Marionette	INFO	Marionette enabled
console.warn: SearchSettings: "get: No settings file exists, new profile?" (new NotFoundError("Could not open the file at C:\\Users\\Anwender\\AppData\\Local\\Temp\\rust_mozprofile6QpNak\\search.json.mozlz4", (void 0)))
DevTools listening on ws://localhost:60874/devtools/browser/f1f6ed75-73a6-4961-83df-17918804431c
1650657383376	Marionette	INFO	Listening on port 60897
Read port: 60897
1650657383452	RemoteAgent	WARN	TLS certificate errors will be ignored for this session
1650657394896	Marionette	INFO	Stopped listening on port 60897
1650657407810	geckodriver	INFO	Listening on 127.0.0.1:60930
1650657410835	mozrunner::runner	INFO	Running command: "C:\\Program Files\\Mozilla Firefox\\firefox.exe" "--marionette" "--remote-debugging-port" "60931" "--remote-allow-hosts" "localhost" "-no-remote" "-profile" "C:\\Users\\Anwender\\AppData\\Local\\Temp\\rust_mozprofilebl3GQU"
1650657411078	Marionette	INFO	Marionette enabled
console.warn: SearchSettings: "get: No settings file exists, new profile?" (new NotFoundError("Could not open the file at C:\\Users\\Anwender\\AppData\\Local\\Temp\\rust_mozprofilebl3GQU\\search.json.mozlz4", (void 0)))
DevTools listening on ws://localhost:60931/devtools/browser/ed31aff3-8d74-4289-8d4d-6568b7df9eed
1650657412532	Marionette	INFO	Listening on port 60952
Read port: 60952
1650657412626	RemoteAgent	WARN	TLS certificate errors will be ignored for this session
console.warn: LoginRecipes: "getRecipes: falling back to a synchronous message for:" "https://s2dfree.de"
JavaScript error: https://s2dfree.de/static/style/home/js/gmaps.js, line 22: uncaught exception: Google Maps API is required. Please register the following JavaScript library http://maps.google.com/maps/api/js?sensor=true.
JavaScript error: https://s2dfree.de/static/style/home/js/main.js, line 29: ReferenceError: GMaps is not defined
JavaScript error: https://s2dfree.de/static/style/home/js/gmaps.js, line 22: uncaught exception: Google Maps API is required. Please register the following JavaScript library http://maps.google.com/maps/api/js?sensor=true.
JavaScript error: https://s2dfree.de/static/style/home/js/main.js, line 29: ReferenceError: GMaps is not defined
1650658092568	Marionette	INFO	Stopped listening on port 60952
console.warn: TopSitesFeed: Failed to fetch data from Contile server: NetworkError when attempting to fetch resource.

###!!! [Parent][PGPUParent] Error: RunMessage(msgname=PGPU::Msg_ShutdownVR) Channel closing: too late to send/recv, messages will be lost

rofile5YXgbo"
1650657500176	Marionette	INFO	Marionette enabled
1650657509343	geckodriver	INFO	Listening on 127.0.0.1:61047
1650657512384	mozrunner::runner	INFO	Running command: "C:\\Program Files\\Mozilla Firefox\\firefox.exe" "--marionette" "--remote-debugging-port" "61048" "--remote-allow-hosts" "localhost" "-no-remote" "-profile" "C:\\Users\\Anwender\\AppData\\Local\\Temp\\rust_mozprofile4thK2k"
1650657512617	Marionette	INFO	Marionette enabled
console.warn: SearchSettings: "get: No settings file exists, new profile?" (new NotFoundError("Could not open the file at C:\\Users\\Anwender\\AppData\\Local\\Temp\\rust_mozprofile4thK2k\\search.json.mozlz4", (void 0)))
DevTools listening on ws://localhost:61048/devtools/browser/1c35ea41-226d-4997-ac93-1bfd2cc34247
1650657514187	Marionette	INFO	Listening on port 61069
Read port: 61069
1650657514295	RemoteAgent	WARN	TLS certificate errors will be ignored for this session
console.warn: LoginRecipes: "getRecipes: falling back to a synchronous message for:" "https://s2dfree.de"
JavaScript error: https://s2dfree.de/static/style/home/js/gmaps.js, line 22: uncaught exception: Google Maps API is required. Please register the following JavaScript library http://maps.google.com/maps/api/js?sensor=true.
JavaScript error: https://s2dfree.de/static/style/home/js/main.js, line 29: ReferenceError: GMaps is not defined
JavaScript error: https://s2dfree.de/static/style/home/js/gmaps.js, line 22: uncaught exception: Google Maps API is required. Please register the following JavaScript library http://maps.google.com/maps/api/js?sensor=true.
JavaScript error: https://s2dfree.de/static/style/home/js/main.js, line 29: ReferenceError: GMaps is not defined
JavaScript error: , line 0: NotFoundError: No such JSWindowActor 'DevToolsFrame'
JavaScript error: , line 0: NotFoundError: No such JSWindowActor 'DevToolsFrame'
JavaScript error: , line 0: NotFoundError: No such JSWindowActor 'DevToolsFrame'
JavaScript error: , line 0: NotFoundError: No such JSWindowActor 'DevToolsFrame'
JavaScript error: , line 0: NotFoundError: No such JSWindowActor 'DevToolsFrame'
JavaScript error: , line 0: NotFoundError: No such JSWindowActor 'DevToolsFrame'
1650657547627	Marionette	INFO	Stopped listening on port 61069
console.warn: TopSitesFeed: Failed to fetch data from Contile server: NetworkError when attempting to fetch resource.

###!!! [Parent][PGPUParent] Error: RunMessage(msgname=PGPU::Msg_ShutdownVR) Channel closing: too late to send/recv, messages will be lost

1650658016376	geckodriver	INFO	Listening on 127.0.0.1:61890
1650658019413	mozrunner::runner	INFO	Running command: "C:\\Program Files\\Mozilla Firefox\\firefox.exe" "--marionette" "--remote-debugging-port" "61891" "--remote-allow-hosts" "localhost" "-no-remote" "-profile" "C:\\Users\\Anwender\\AppData\\Local\\Temp\\rust_mozprofileLLX1vV"
1650658019643	Marionette	INFO	Marionette enabled
console.warn: SearchSettings: "get: No settings file exists, new profile?" (new NotFoundError("Could not open the file at C:\\Users\\Anwender\\AppData\\Local\\Temp\\rust_mozprofileLLX1vV\\search.json.mozlz4", (void 0)))
DevTools listening on ws://localhost:61891/devtools/browser/d5781211-8b2d-43c0-8587-45257ac3477f
1650658021182	Marionette	INFO	Listening on port 61912
Read port: 61912
1650658021220	RemoteAgent	WARN	TLS certificate errors will be ignored for this session
1650658034630	Marionette	INFO	Stopped listening on port 61912
console.warn: TopSitesFeed: Failed to fetch data from Contile server: NetworkError when attempting to fetch resource.
1650658035924	geckodriver	INFO	Listening on 127.0.0.1:61962
1650658038959	mozrunner::runner	INFO	Running command: "C:\\Program Files\\Mozilla Firefox\\firefox.exe" "--marionette" "--remote-debugging-port" "61963" "--remote-allow-hosts" "localhost" "-no-remote" "-profile" "C:\\Users\\Anwender\\AppData\\Local\\Temp\\rust_mozprofile7niSbX"
1650658039188	Marionette	INFO	Marionette enabled
console.warn: SearchSettings: "get: No settings file exists, new profile?" (new NotFoundError("Could not open the file at C:\\Users\\Anwender\\AppData\\Local\\Temp\\rust_mozprofile7niSbX\\search.json.mozlz4", (void 0)))
DevTools listening on ws://localhost:61963/devtools/browser/69c78d1b-2cc1-48af-9b77-b93a9ef5c018
1650658040639	Marionette	INFO	Listening on port 61984
Read port: 61984
1650658040759	RemoteAgent	WARN	TLS certificate errors will be ignored for this session
1650658055300	Marionette	INFO	Stopped listening on port 61984
console.warn: TopSitesFeed: Failed to fetch data from Contile server: NetworkError when attempting to fetch resource.
1650658061212	geckodriver	INFO	Listening on 127.0.0.1:62023
1650658064247	mozrunner::runner	INFO	Running command: "C:\\Program Files\\Mozilla Firefox\\firefox.exe" "--marionette" "--remote-debugging-port" "62024" "--remote-allow-hosts" "localhost" "-no-remote" "-profile" "C:\\Users\\Anwender\\AppData\\Local\\Temp\\rust_mozprofileSfb7dH"
1650658064477	Marionette	INFO	Marionette enabled
console.warn: SearchSettings: "get: No settings file exists, new profile?" (new NotFoundError("Could not open the file at C:\\Users\\Anwender\\AppData\\Local\\Temp\\rust_mozprofileSfb7dH\\search.json.mozlz4", (void 0)))
DevTools listening on ws://localhost:62024/devtools/browser/c7bc2a6c-08b8-4ccf-a7c1-b63737816e87
1650658065956	Marionette	INFO	Listening on port 62045
Read port: 62045
1650658066037	RemoteAgent	WARN	TLS certificate errors will be ignored for this session
JavaScript error: resource://gre/modules/AsyncShutdown.jsm, line 575: NotFoundError: No such JSWindowActor 'DevToolsFrame'
1650658093530	Marionette	INFO	Stopped listening on port 62045
JavaScript error: resource://devtools/shared/protocol/Front.js, line 106: Error: Connection closed, pending request to server0.conn0.windowGlobal2147483650/domnode146, type setNodeValue failed

Request stack:
request@resource://devtools/shared/protocol/Front.js:292:14
generateRequestMethods/</frontProto[name]@resource://devtools/shared/protocol/Front/FrontClassWithSpec.js:46:19
showTextEditor/done/</<@resource://devtools/client/inspector/markup/views/text-editor.js:101:25
do@resource://devtools/client/shared/undo.js:70:16
endBatch@resource://devtools/client/shared/undo.js:81:11
do@resource://devtools/client/shared/undo.js:93:10
showTextEditor/done/<@resource://devtools/client/inspector/markup/views/text-editor.js:99:31

JavaScript error: chrome://remote/content/marionette/cert.js, line 55: NS_ERROR_NOT_AVAILABLE: Component returned failure code: 0x80040111 (NS_ERROR_NOT_AVAILABLE) [nsICertOverrideService.setDisableAllSecurityChecksAndLetAttackersInterceptMyData]
1650658355312	geckodriver	INFO	Listening on 127.0.0.1:58683
1650658358356	mozrunner::runner	INFO	Running command: "C:\\Program Files\\Mozilla Firefox\\firefox.exe" "--marionette" "--remote-debugging-port" "58684" "--remote-allow-hosts" "localhost" "-no-remote" "-profile" "C:\\Users\\Anwender\\AppData\\Local\\Temp\\rust_mozprofileOzvOlb"
1650658358604	Marionette	INFO	Marionette enabled
console.warn: SearchSettings: "get: No settings file exists, new profile?" (new NotFoundError("Could not open the file at C:\\Users\\Anwender\\AppData\\Local\\Temp\\rust_mozprofileOzvOlb\\search.json.mozlz4", (void 0)))
DevTools listening on ws://localhost:58684/devtools/browser/32f9c840-9b2f-41db-82a6-8471395d33f2
1650658360236	Marionette	INFO	Listening on port 58705
Read port: 58705
1650658360274	RemoteAgent	WARN	TLS certificate errors will be ignored for this session
1650658364608	Marionette	INFO	Stopped listening on port 58705
console.warn: TopSitesFeed: Failed to fetch data from Contile server: NetworkError when attempting to fetch resource.
1650658411594	geckodriver	INFO	Listening on 127.0.0.1:58753
1650658414621	mozrunner::runner	INFO	Running command: "C:\\Program Files\\Mozilla Firefox\\firefox.exe" "--marionette" "--remote-debugging-port" "58754" "--remote-allow-hosts" "localhost" "-no-remote" "-profile" "C:\\Users\\Anwender\\AppData\\Local\\Temp\\rust_mozprofilepPqWUo"
1650658414850	Marionette	INFO	Marionette enabled
console.warn: SearchSettings: "get: No settings file exists, new profile?" (new NotFoundError("Could not open the file at C:\\Users\\Anwender\\AppData\\Local\\Temp\\rust_mozprofilepPqWUo\\search.json.mozlz4", (void 0)))
DevTools listening on ws://localhost:58754/devtools/browser/97e1eb56-1c64-4e82-8ee2-b29d39c4cf6c
1650658416247	Marionette	INFO	Listening on port 58775
Read port: 58775
1650658416310	RemoteAgent	WARN	TLS certificate errors will be ignored for this session
1650658430201	Marionette	INFO	Stopped listening on port 58775
console.warn: TopSitesFeed: Failed to fetch data from Contile server: NetworkError when attempting to fetch resource.

###!!! [Parent][PGPUParent] Error: RunMessage(msgname=PGPU::Msg_ShutdownVR) Channel closing: too late to send/recv, messages will be lost

1650658435191	geckodriver	INFO	Listening on 127.0.0.1:58819
1650658438224	mozrunner::runner	INFO	Running command: "C:\\Program Files\\Mozilla Firefox\\firefox.exe" "--marionette" "--remote-debugging-port" "58820" "--remote-allow-hosts" "localhost" "-no-remote" "-profile" "C:\\Users\\Anwender\\AppData\\Local\\Temp\\rust_mozprofilewPwB56"
1650658438457	Marionette	INFO	Marionette enabled
console.warn: SearchSettings: "get: No settings file exists, new profile?" (new NotFoundError("Could not open the file at C:\\Users\\Anwender\\AppData\\Local\\Temp\\rust_mozprofilewPwB56\\search.json.mozlz4", (void 0)))
DevTools listening on ws://localhost:58820/devtools/browser/8796d71c-70ce-4b15-8a1e-59708466daa4
1650658439923	Marionette	INFO	Listening on port 58841
Read port: 58841
1650658440009	RemoteAgent	WARN	TLS certificate errors will be ignored for this session
JavaScript error: resource://gre/modules/AsyncShutdown.jsm, line 575: NotFoundError: No such JSWindowActor 'DevToolsFrame'
1650658461540	Marionette	INFO	Stopped listening on port 58841
1650658477126	geckodriver	INFO	Listening on 127.0.0.1:58886
1650658480146	mozrunner::runner	INFO	Running command: "C:\\Program Files\\Mozilla Firefox\\firefox.exe" "--marionette" "--remote-debugging-port" "58887" "--remote-allow-hosts" "localhost" "-no-remote" "-profile" "C:\\Users\\Anwender\\AppData\\Local\\Temp\\rust_mozprofiley9o51i"
1650658480375	Marionette	INFO	Marionette enabled
console.warn: SearchSettings: "get: No settings file exists, new profile?" (new NotFoundError("Could not open the file at C:\\Users\\Anwender\\AppData\\Local\\Temp\\rust_mozprofiley9o51i\\search.json.mozlz4", (void 0)))
DevTools listening on ws://localhost:58887/devtools/browser/7a17620c-dd40-4d9d-9b2d-e7ba96861a23
1650658481896	Marionette	INFO	Listening on port 58908
Read port: 58908
1650658481955	RemoteAgent	WARN	TLS certificate errors will be ignored for this session
JavaScript error: resource://gre/modules/AsyncShutdown.jsm, line 575: NotFoundError: No such JSWindowActor 'DevToolsFrame'
1650658534034	Marionette	INFO	Stopped listening on port 58908

###!!! [Parent][PGPUParent] Error: RunMessage(msgname=PGPU::Msg_ShutdownVR) Channel closing: too late to send/recv, messages will be lost

1650658535030	geckodriver	INFO	Listening on 127.0.0.1:58955
1650658538090	mozrunner::runner	INFO	Running command: "C:\\Program Files\\Mozilla Firefox\\firefox.exe" "--marionette" "--remote-debugging-port" "58956" "--remote-allow-hosts" "localhost" "-no-remote" "-profile" "C:\\Users\\Anwender\\AppData\\Local\\Temp\\rust_mozprofileSBDODX"
1650658538319	Marionette	INFO	Marionette enabled
console.warn: SearchSettings: "get: No settings file exists, new profile?" (new NotFoundError("Could not open the file at C:\\Users\\Anwender\\AppData\\Local\\Temp\\rust_mozprofileSBDODX\\search.json.mozlz4", (void 0)))
DevTools listening on ws://localhost:58956/devtools/browser/b14a3394-bfd8-46be-a76b-de1000767077
1650658539843	Marionette	INFO	Listening on port 58977
Read port: 58977
1650658539875	RemoteAgent	WARN	TLS certificate errors will be ignored for this session
1650658542768	Marionette	INFO	Stopped listening on port 58977

###!!! [Parent][PGPUParent] Error: RunMessage(msgname=PGPU::Msg_ShutdownVR) Channel closing: too late to send/recv, messages will be lost

1650658834892	geckodriver	INFO	Listening on 127.0.0.1:50468
1650658837933	mozrunner::runner	INFO	Running command: "C:\\Program Files\\Mozilla Firefox\\firefox.exe" "--marionette" "--remote-debugging-port" "50469" "--remote-allow-hosts" "localhost" "-no-remote" "-profile" "C:\\Users\\Anwender\\AppData\\Local\\Temp\\rust_mozprofiled6wHTF"
1650658838163	Marionette	INFO	Marionette enabled
console.warn: SearchSettings: "get: No settings file exists, new profile?" (new NotFoundError("Could not open the file at C:\\Users\\Anwender\\AppData\\Local\\Temp\\rust_mozprofiled6wHTF\\search.json.mozlz4", (void 0)))
DevTools listening on ws://localhost:50469/devtools/browser/700851d8-d882-4651-95a2-7f56272c39e6
1650658839625	Marionette	INFO	Listening on port 50491
Read port: 50491
1650658839740	RemoteAgent	WARN	TLS certificate errors will be ignored for this session
1650658856604	Marionette	INFO	Stopped listening on port 50491
console.warn: TopSitesFeed: Failed to fetch data from Contile server: NetworkError when attempting to fetch resource.
JavaScript error: chrome://remote/content/marionette/cert.js, line 55: NS_ERROR_NOT_AVAILABLE: Component returned failure code: 0x80040111 (NS_ERROR_NOT_AVAILABLE) [nsICertOverrideService.setDisableAllSecurityChecksAndLetAttackersInterceptMyData]
1650658894018	geckodriver	INFO	Listening on 127.0.0.1:50535
1650658897055	mozrunner::runner	INFO	Running command: "C:\\Program Files\\Mozilla Firefox\\firefox.exe" "--marionette" "--remote-debugging-port" "50536" "--remote-allow-hosts" "localhost" "-no-remote" "-profile" "C:\\Users\\Anwender\\AppData\\Local\\Temp\\rust_mozprofilewnONDj"
1650658897289	Marionette	INFO	Marionette enabled
console.warn: SearchSettings: "get: No settings file exists, new profile?" (new NotFoundError("Could not open the file at C:\\Users\\Anwender\\AppData\\Local\\Temp\\rust_mozprofilewnONDj\\search.json.mozlz4", (void 0)))
DevTools listening on ws://localhost:50536/devtools/browser/8a38150b-b0d8-4ccc-8323-a650afe6cd80
1650658898718	Marionette	INFO	Listening on port 50557
Read port: 50557
1650658898750	RemoteAgent	WARN	TLS certificate errors will be ignored for this session
1650658918060	Marionette	INFO	Stopped listening on port 50557
console.warn: TopSitesFeed: Failed to fetch data from Contile server: NetworkError when attempting to fetch resource.
JavaScript error: chrome://remote/content/marionette/cert.js, line 55: NS_ERROR_NOT_AVAILABLE: Component returned failure code: 0x80040111 (NS_ERROR_NOT_AVAILABLE) [nsICertOverrideService.setDisableAllSecurityChecksAndLetAttackersInterceptMyData]

###!!! [Parent][PGPUParent] Error: RunMessage(msgname=PGPU::Msg_ShutdownVR) Channel closing: too late to send/recv, messages will be lost

1650659557539	geckodriver	INFO	Listening on 127.0.0.1:54958
1650659560592	mozrunner::runner	INFO	Running command: "C:\\Program Files\\Mozilla Firefox\\firefox.exe" "--marionette" "--remote-debugging-port" "54959" "--remote-allow-hosts" "localhost" "-no-remote" "-profile" "C:\\Users\\Anwender\\AppData\\Local\\Temp\\rust_mozprofileGHwNi8"
1650659560818	Marionette	INFO	Marionette enabled
console.warn: SearchSettings: "get: No settings file exists, new profile?" (new NotFoundError("Could not open the file at C:\\Users\\Anwender\\AppData\\Local\\Temp\\rust_mozprofileGHwNi8\\search.json.mozlz4", (void 0)))
DevTools listening on ws://localhost:54959/devtools/browser/518b3b64-14bc-4808-b5d1-a2a0f940f1b9
1650659562223	Marionette	INFO	Listening on port 54980
Read port: 54980
1650659562288	RemoteAgent	WARN	TLS certificate errors will be ignored for this session
1650659582253	Marionette	INFO	Stopped listening on port 54980
1650659948535	geckodriver	INFO	Listening on 127.0.0.1:54004
1650659951579	mozrunner::runner	INFO	Running command: "C:\\Program Files\\Mozilla Firefox\\firefox.exe" "--marionette" "--remote-debugging-port" "54005" "--remote-allow-hosts" "localhost" "-no-remote" "-profile" "C:\\Users\\Anwender\\AppData\\Local\\Temp\\rust_mozprofileYwwyhG"
1650659951803	Marionette	INFO	Marionette enabled
console.warn: SearchSettings: "get: No settings file exists, new profile?" (new NotFoundError("Could not open the file at C:\\Users\\Anwender\\AppData\\Local\\Temp\\rust_mozprofileYwwyhG\\search.json.mozlz4", (void 0)))
DevTools listening on ws://localhost:54005/devtools/browser/fa8fce80-91ae-4fde-abed-28c2630576d3
1650659953347	Marionette	INFO	Listening on port 54032
Read port: 54032
1650659953367	RemoteAgent	WARN	TLS certificate errors will be ignored for this session
1650660133669	Marionette	INFO	Stopped listening on port 54032
console.warn: TopSitesFeed: Failed to fetch data from Contile server: NetworkError when attempting to fetch resource.

###!!! [Parent][PGPUParent] Error: RunMessage(msgname=PGPU::Msg_ShutdownVR) Channel closing: too late to send/recv, messages will be lost

1650660134827	geckodriver	INFO	Listening on 127.0.0.1:54246
1650660137884	mozrunner::runner	INFO	Running command: "C:\\Program Files\\Mozilla Firefox\\firefox.exe" "--marionette" "--remote-debugging-port" "54247" "--remote-allow-hosts" "localhost" "-no-remote" "-profile" "C:\\Users\\Anwender\\AppData\\Local\\Temp\\rust_mozprofilelQHcnp"
1650660138125	Marionette	INFO	Marionette enabled
console.warn: SearchSettings: "get: No settings file exists, new profile?" (new NotFoundError("Could not open the file at C:\\Users\\Anwender\\AppData\\Local\\Temp\\rust_mozprofilelQHcnp\\search.json.mozlz4", (void 0)))
DevTools listening on ws://localhost:54247/devtools/browser/b404101f-67cb-4121-be64-2a6d4a75ddb9
1650660139580	Marionette	INFO	Listening on port 54268
Read port: 54268
1650660139690	RemoteAgent	WARN	TLS certificate errors will be ignored for this session
